<?xml version="1.0" encoding="UTF-8"?>
<!-- Generated by org.testng.reporters.JUnitReportReporter -->
<testsuite hostname="TEJAs" failures="0" tests="1" name="MAVEN_HOME.maven_demo.App" time="0.012" errors="0" timestamp="2024-02-24T20:45:50 CST" skipped="0">
  <testcase classname="MAVEN_HOME.maven_demo.App" name="LoginTest" time="0.012"/>
</testsuite> <!-- MAVEN_HOME.maven_demo.App -->
